android/build/outputs/logs/manifest-merger-debug-report.txt
-- Merging decision tree log ---
manifest
ADDED from LivexPresentation\android\AndroidManifest.xml:2:1-105:12
	package
		ADDED from LivexPresentation\android\AndroidManifest.xml:3:5-44
		INJECTED from LivexPresentation\android\AndroidManifest.xml
		INJECTED from LivexPresentation\android\AndroidManifest.xml
	android:versionName
		ADDED from LivexPresentation\android\AndroidManifest.xml:5:5-30
		INJECTED from LivexPresentation\android\AndroidManifest.xml
		INJECTED from LivexPresentation\android\AndroidManifest.xml
	android:versionCode
		ADDED from LivexPresentation\android\AndroidManifest.xml:4:5-28
		INJECTED from LivexPresentation\android\AndroidManifest.xml
		INJECTED from LivexPresentation\android\AndroidManifest.xml
	xmlns:android
		ADDED from LivexPresentation\android\AndroidManifest.xml:2:11-69
uses-sdk
ADDED from LivexPresentation\android\AndroidManifest.xml:7:5-74
MERGED from [com.android.support:appcompat-v7:23.0.1] AndroidManifest.xml:20:5-43
MERGED from [com.android.support:support-v4:23.0.1] AndroidManifest.xml:20:5-43
MERGED from [com.android.support:design:23.0.1] AndroidManifest.xml:20:5-43
MERGED from [com.android.support:support-v4:23.0.1] AndroidManifest.xml:20:5-43
MERGED from [com.android.support:appcompat-v7:23.0.1] AndroidManifest.xml:20:5-43
MERGED from [com.android.support:support-v4:23.0.1] AndroidManifest.xml:20:5-43
MERGED from [com.android.support:recyclerview-v7:23.0.1] AndroidManifest.xml:20:5-43
MERGED from [com.android.support:support-v4:23.0.1] AndroidManifest.xml:20:5-43
MERGED from [com.android.support:cardview-v7:23.0.1] AndroidManifest.xml:20:5-43
	android:targetSdkVersion
		ADDED from LivexPresentation\android\AndroidManifest.xml:7:42-71
		INJECTED from LivexPresentation\android\AndroidManifest.xml
		INJECTED from LivexPresentation\android\AndroidManifest.xml
	android:minSdkVersion
		ADDED from LivexPresentation\android\AndroidManifest.xml:7:15-41
		INJECTED from LivexPresentation\android\AndroidManifest.xml
		INJECTED from LivexPresentation\android\AndroidManifest.xml
uses-permission#android.permission.INTERNET
ADDED from LivexPresentation\android\AndroidManifest.xml:9:5-66
	android:name
		ADDED from LivexPresentation\android\AndroidManifest.xml:9:22-64
uses-permission#android.permission.ACCESS_NETWORK_STATE
ADDED from LivexPresentation\android\AndroidManifest.xml:10:5-78
	android:name
		ADDED from LivexPresentation\android\AndroidManifest.xml:10:22-76
uses-permission#android.permission.WRITE_EXTERNAL_STORAGE
ADDED from LivexPresentation\android\AndroidManifest.xml:12:5-80
	android:name
		ADDED from LivexPresentation\android\AndroidManifest.xml:12:22-78
application
ADDED from LivexPresentation\android\AndroidManifest.xml:15:5-103:19
MERGED from [com.android.support:appcompat-v7:23.0.1] AndroidManifest.xml:22:5-20
MERGED from [com.android.support:support-v4:23.0.1] AndroidManifest.xml:22:5-20
MERGED from [com.android.support:design:23.0.1] AndroidManifest.xml:22:5-20
MERGED from [com.android.support:support-v4:23.0.1] AndroidManifest.xml:22:5-20
MERGED from [com.android.support:appcompat-v7:23.0.1] AndroidManifest.xml:22:5-20
MERGED from [com.android.support:support-v4:23.0.1] AndroidManifest.xml:22:5-20
MERGED from [com.android.support:support-v4:23.0.1] AndroidManifest.xml:22:5-20
MERGED from [com.android.support:cardview-v7:23.0.1] AndroidManifest.xml:22:5-20
	android:label
		ADDED from LivexPresentation\android\AndroidManifest.xml:18:9-41
	android:allowBackup
		ADDED from LivexPresentation\android\AndroidManifest.xml:16:9-35
	android:icon
		ADDED from LivexPresentation\android\AndroidManifest.xml:17:9-43
	android:theme
		ADDED from LivexPresentation\android\AndroidManifest.xml:19:9-40
activity#com.mygdx.genexotrudnypacjent.MainPageActivity
ADDED from LivexPresentation\android\AndroidManifest.xml:22:9-29:20
	android:screenOrientation
		ADDED from LivexPresentation\android\AndroidManifest.xml:25:13-50
	android:label
		ADDED from LivexPresentation\android\AndroidManifest.xml:24:13-45
	android:windowSoftInputMode
		ADDED from LivexPresentation\android\AndroidManifest.xml:26:13-54
	android:configChanges
		ADDED from LivexPresentation\android\AndroidManifest.xml:27:13-59
	android:name
		ADDED from LivexPresentation\android\AndroidManifest.xml:23:13-45
activity#com.mygdx.genexotrudnypacjent.BasePresentationActivity
ADDED from LivexPresentation\android\AndroidManifest.xml:31:9-38:20
	android:screenOrientation
		ADDED from LivexPresentation\android\AndroidManifest.xml:34:13-50
	android:label
		ADDED from LivexPresentation\android\AndroidManifest.xml:33:13-45
	android:windowSoftInputMode
		ADDED from LivexPresentation\android\AndroidManifest.xml:35:13-54
	android:configChanges
		ADDED from LivexPresentation\android\AndroidManifest.xml:36:13-59
	android:name
		ADDED from LivexPresentation\android\AndroidManifest.xml:32:13-53
activity#com.mygdx.genexotrudnypacjent.QuizEntryActivity
ADDED from LivexPresentation\android\AndroidManifest.xml:43:9-50:20
	android:screenOrientation
		ADDED from LivexPresentation\android\AndroidManifest.xml:46:13-50
	android:label
		ADDED from LivexPresentation\android\AndroidManifest.xml:45:13-45
	android:windowSoftInputMode
		ADDED from LivexPresentation\android\AndroidManifest.xml:47:13-54
	android:configChanges
		ADDED from LivexPresentation\android\AndroidManifest.xml:48:13-59
	android:name
		ADDED from LivexPresentation\android\AndroidManifest.xml:44:13-75
activity#com.mygdx.genexotrudnypacjent.PresentationSummaryActivity
ADDED from LivexPresentation\android\AndroidManifest.xml:52:9-58:20
	android:screenOrientation
		ADDED from LivexPresentation\android\AndroidManifest.xml:55:13-50
	android:label
		ADDED from LivexPresentation\android\AndroidManifest.xml:54:13-45
	android:configChanges
		ADDED from LivexPresentation\android\AndroidManifest.xml:56:13-59
	android:name
		ADDED from LivexPresentation\android\AndroidManifest.xml:53:13-56
activity#com.mygdx.genexotrudnypacjent.StartActivity
ADDED from LivexPresentation\android\AndroidManifest.xml:60:9-67:20
	android:screenOrientation
		ADDED from LivexPresentation\android\AndroidManifest.xml:61:13-50
	android:configChanges
		ADDED from LivexPresentation\android\AndroidManifest.xml:62:13-59
	android:name
		ADDED from LivexPresentation\android\AndroidManifest.xml:60:19-77
intent-filter#android.intent.action.MAIN+android.intent.category.LAUNCHER
ADDED from LivexPresentation\android\AndroidManifest.xml:63:13-66:29
action#android.intent.action.MAIN
ADDED from LivexPresentation\android\AndroidManifest.xml:64:17-69
	android:name
		ADDED from LivexPresentation\android\AndroidManifest.xml:64:25-66
category#android.intent.category.LAUNCHER
ADDED from LivexPresentation\android\AndroidManifest.xml:65:17-77
	android:name
		ADDED from LivexPresentation\android\AndroidManifest.xml:65:27-74
activity#com.mygdx.genexotrudnypacjent.DataActivity
ADDED from LivexPresentation\android\AndroidManifest.xml:68:9-73:20
	android:screenOrientation
		ADDED from LivexPresentation\android\AndroidManifest.xml:69:13-50
	android:configChanges
		ADDED from LivexPresentation\android\AndroidManifest.xml:71:13-59
	android:name
		ADDED from LivexPresentation\android\AndroidManifest.xml:68:19-76
activity#com.mygdx.genexotrudnypacjent.FormActivity
ADDED from LivexPresentation\android\AndroidManifest.xml:74:9-78:20
	android:screenOrientation
		ADDED from LivexPresentation\android\AndroidManifest.xml:75:13-50
	android:windowSoftInputMode
		ADDED from LivexPresentation\android\AndroidManifest.xml:77:13-67
	android:name
		ADDED from LivexPresentation\android\AndroidManifest.xml:74:19-76
activity#com.mygdx.genexotrudnypacjent.RegulaminActivity
ADDED from LivexPresentation\android\AndroidManifest.xml:80:9-83:20
	android:screenOrientation
		ADDED from LivexPresentation\android\AndroidManifest.xml:81:13-50
	android:configChanges
		ADDED from LivexPresentation\android\AndroidManifest.xml:82:13-59
	android:name
		ADDED from LivexPresentation\android\AndroidManifest.xml:80:19-81
activity#com.mygdx.genexotrudnypacjent.ZapraszamyActivity
ADDED from LivexPresentation\android\AndroidManifest.xml:85:9-88:20
	android:screenOrientation
		ADDED from LivexPresentation\android\AndroidManifest.xml:86:13-50
	android:configChanges
		ADDED from LivexPresentation\android\AndroidManifest.xml:87:13-59
	android:name
		ADDED from LivexPresentation\android\AndroidManifest.xml:85:19-82
activity#com.mygdx.genexotrudnypacjent.SendingDataActivity
ADDED from LivexPresentation\android\AndroidManifest.xml:90:9-93:20
	android:screenOrientation
		ADDED from LivexPresentation\android\AndroidManifest.xml:91:13-50
	android:configChanges
		ADDED from LivexPresentation\android\AndroidManifest.xml:92:13-59
	android:name
		ADDED from LivexPresentation\android\AndroidManifest.xml:90:19-83
activity#com.mygdx.genexotrudnypacjent.PodiumActivity
ADDED from LivexPresentation\android\AndroidManifest.xml:94:9-97:20
	android:screenOrientation
		ADDED from LivexPresentation\android\AndroidManifest.xml:95:13-50
	android:configChanges
		ADDED from LivexPresentation\android\AndroidManifest.xml:96:13-59
	android:name
		ADDED from LivexPresentation\android\AndroidManifest.xml:94:19-78
activity#com.mygdx.genexotrudnypacjent.ResendActivity
ADDED from LivexPresentation\android\AndroidManifest.xml:98:9-101:20
	android:screenOrientation
		ADDED from LivexPresentation\android\AndroidManifest.xml:99:13-50
	android:configChanges
		ADDED from LivexPresentation\android\AndroidManifest.xml:100:13-59
	android:name
		ADDED from LivexPresentation\android\AndroidManifest.xml:98:19-49